<?xml version="1.0" encoding="UTF-8"?>
<!-- Generated by org.testng.reporters.JUnitXMLReporter -->
<testsuite hostname="sysware-PC" ignored="0" name="用户管理系统测试用例" tests="7" failures="0" timestamp="24 七月 2018 07:44:58 GMT" time="32.477" errors="0">
  <testcase name="loginTrue" time="0.72" classname="com.course.cases.LoginTest"/>
  <testcase name="loginFalse" time="0.042" classname="com.course.cases.LoginTest"/>
  <testcase name="addUser" time="5.151" classname="com.course.cases.AddUserTest"/>
  <testcase name="getUserInfo" time="0.079" classname="com.course.cases.GetUserInfoTest"/>
  <testcase name="updateUserInfo" time="13.137" classname="com.course.cases.UpdateUserInfoTest"/>
  <testcase name="deleteUser" time="13.156" classname="com.course.cases.UpdateUserInfoTest"/>
  <testcase name="getUserListInfo" time="0.115" classname="com.course.cases.GetUserInfoListTest"/>
</testsuite> <!-- 用户管理系统测试用例 -->
