<?xml version="1.0" encoding="UTF-8" ?>
<testsuite tests="7" failures="0" name="TestSuite" time="33.778" errors="0" skipped="0">
  <properties>
[...]
</properties>
  <testcase classname="com.course.cases.LoginTest" name="loginTrue" time="0.719"/>
  <testcase classname="com.course.cases.LoginTest" name="loginFalse" time="0.043"/>
  <testcase classname="com.course.cases.AddUserTest" name="addUser" time="5.152"/>
  <testcase classname="com.course.cases.GetUserInfoTest" name="getUserInfo" time="0.079"/>
  <testcase classname="com.course.cases.UpdateUserInfoTest" name="updateUserInfo" time="13.137"/>
  <testcase classname="com.course.cases.UpdateUserInfoTest" name="deleteUser" time="13.156"/>
  <testcase classname="com.course.cases.GetUserInfoListTest" name="getUserListInfo" time="0.115"/>
</testsuite>