<?xml version="1.0" encoding="UTF-8"?>
<testng-results skipped="0" failed="0" ignored="0" total="7" passed="7">
  <reporter-output>
  </reporter-output>
  <suite name="用户管理系统测试套件" duration-ms="32477" started-at="2018-07-24T07:44:25Z" finished-at="2018-07-24T07:44:58Z">
    <groups>
      <group name="loginTrue">
        <method signature="LoginTest.loginTrue()[pri:0, instance:com.course.cases.LoginTest@6e8dacdf]" name="loginTrue" class="com.course.cases.LoginTest"/>
      </group> <!-- loginTrue -->
      <group name="loginFalse">
        <method signature="LoginTest.loginFalse()[pri:0, instance:com.course.cases.LoginTest@6e8dacdf]" name="loginFalse" class="com.course.cases.LoginTest"/>
      </group> <!-- loginFalse -->
    </groups>
    <test name="用户管理系统测试用例" duration-ms="32477" started-at="2018-07-24T07:44:25Z" finished-at="2018-07-24T07:44:58Z">
      <class name="com.course.cases.UpdateUserInfoTest">
        <test-method status="PASS" signature="updateUserInfo()[pri:0, instance:com.course.cases.UpdateUserInfoTest@880ec60]" name="updateUserInfo" duration-ms="13137" depends-on-groups="loginTrue" started-at="2018-07-24T15:44:31Z" description="更改用户信息" finished-at="2018-07-24T15:44:45Z">
          <reporter-output>
          </reporter-output>
        </test-method> <!-- updateUserInfo -->
        <test-method status="PASS" signature="deleteUser()[pri:0, instance:com.course.cases.UpdateUserInfoTest@880ec60]" name="deleteUser" duration-ms="13156" depends-on-groups="loginTrue" started-at="2018-07-24T15:44:45Z" description="删除用户信息" finished-at="2018-07-24T15:44:58Z">
          <reporter-output>
          </reporter-output>
        </test-method> <!-- deleteUser -->
      </class> <!-- com.course.cases.UpdateUserInfoTest -->
      <class name="com.course.cases.LoginTest">
        <test-method status="PASS" signature="beforeTest()[pri:0, instance:com.course.cases.LoginTest@6e8dacdf]" name="beforeTest" is-config="true" duration-ms="54" started-at="2018-07-24T15:44:25Z" description="测试准备工作，获取HttpClient对象" finished-at="2018-07-24T15:44:25Z">
          <reporter-output>
          </reporter-output>
        </test-method> <!-- beforeTest -->
        <test-method status="PASS" signature="loginTrue()[pri:0, instance:com.course.cases.LoginTest@6e8dacdf]" name="loginTrue" duration-ms="720" started-at="2018-07-24T15:44:25Z" description="用户登陆成功接口测试" finished-at="2018-07-24T15:44:26Z">
          <reporter-output>
          </reporter-output>
        </test-method> <!-- loginTrue -->
        <test-method status="PASS" signature="loginFalse()[pri:0, instance:com.course.cases.LoginTest@6e8dacdf]" name="loginFalse" duration-ms="42" started-at="2018-07-24T15:44:26Z" description="用户登陆失败接口测试" finished-at="2018-07-24T15:44:26Z">
          <reporter-output>
          </reporter-output>
        </test-method> <!-- loginFalse -->
      </class> <!-- com.course.cases.LoginTest -->
      <class name="com.course.cases.GetUserInfoTest">
        <test-method status="PASS" signature="getUserInfo()[pri:0, instance:com.course.cases.GetUserInfoTest@b684286]" name="getUserInfo" duration-ms="79" depends-on-groups="loginTrue" started-at="2018-07-24T15:44:31Z" description="获取userId为1的用户信息" finished-at="2018-07-24T15:44:31Z">
          <reporter-output>
          </reporter-output>
        </test-method> <!-- getUserInfo -->
      </class> <!-- com.course.cases.GetUserInfoTest -->
      <class name="com.course.cases.AddUserTest">
        <test-method status="PASS" signature="addUser()[pri:0, instance:com.course.cases.AddUserTest@7a79be86]" name="addUser" duration-ms="5151" depends-on-groups="loginTrue" started-at="2018-07-24T15:44:26Z" description="添加用户接口测试" finished-at="2018-07-24T15:44:31Z">
          <reporter-output>
          </reporter-output>
        </test-method> <!-- addUser -->
      </class> <!-- com.course.cases.AddUserTest -->
      <class name="com.course.cases.GetUserInfoListTest">
        <test-method status="PASS" signature="getUserListInfo()[pri:0, instance:com.course.cases.GetUserInfoListTest@3f3afe78]" name="getUserListInfo" duration-ms="115" depends-on-groups="loginTrue" started-at="2018-07-24T15:44:58Z" description="获取性别为男的用户信息" finished-at="2018-07-24T15:44:58Z">
          <reporter-output>
          </reporter-output>
        </test-method> <!-- getUserListInfo -->
      </class> <!-- com.course.cases.GetUserInfoListTest -->
    </test> <!-- 用户管理系统测试用例 -->
  </suite> <!-- 用户管理系统测试套件 -->
</testng-results>
